<?xml version="1.0" encoding="UTF-8"?>
<!-- Generated by org.testng.reporters.JUnitReportReporter -->
<testsuite hostname="5CG6420X0K" name="sep_dataprovider.driver_summation" tests="6" failures="0" timestamp="1 Oct 2017 14:48:30 GMT" time="0.016" errors="0">
  <testcase name="print" time="0.000" classname="sep_dataprovider.driver_summation"/>
  <testcase name="print" time="0.000" classname="sep_dataprovider.driver_summation"/>
  <testcase name="print" time="0.000" classname="sep_dataprovider.driver_summation"/>
  <testcase name="print" time="0.000" classname="sep_dataprovider.driver_summation"/>
  <testcase name="print" time="0.000" classname="sep_dataprovider.driver_summation"/>
  <testcase name="print" time="0.016" classname="sep_dataprovider.driver_summation"/>
</testsuite> <!-- sep_dataprovider.driver_summation -->
